\BOOKMARK [0][-]{chapter*.4}{\376\377\000L\001\063\000s\000t\000\040\000v\000a\000n\000\040\000f\000i\000g\000u\000r\000e\000n}{}% 1
\BOOKMARK [0][-]{chapter.1}{\376\377\000I\000n\000l\000e\000i\000d\000i\000n\000g}{}% 2
\BOOKMARK [1][-]{section.1.1}{\376\377\000P\000r\000o\000b\000l\000e\000e\000m\000s\000t\000e\000l\000l\000i\000n\000g}{chapter.1}% 3
\BOOKMARK [1][-]{section.1.2}{\376\377\000O\000n\000d\000e\000r\000z\000o\000e\000k\000s\000v\000r\000a\000a\000g}{chapter.1}% 4
\BOOKMARK [1][-]{section.1.3}{\376\377\000O\000n\000d\000e\000r\000z\000o\000e\000k\000s\000d\000o\000e\000l\000s\000t\000e\000l\000l\000i\000n\000g}{chapter.1}% 5
\BOOKMARK [1][-]{section.1.4}{\376\377\000O\000p\000z\000e\000t\000\040\000v\000a\000n\000\040\000d\000e\000z\000e\000\040\000b\000a\000c\000h\000e\000l\000o\000r\000p\000r\000o\000e\000f}{chapter.1}% 6
\BOOKMARK [0][-]{chapter.2}{\376\377\000S\000t\000a\000n\000d\000\040\000v\000a\000n\000\040\000z\000a\000k\000e\000n}{}% 7
\BOOKMARK [1][-]{section.2.1}{\376\377\000D\000e\000\040\000o\000n\000v\000e\000r\000w\000a\000c\000h\000t\000e\000\040\000g\000r\000o\000e\000i\000\040\000v\000a\000n\000\040\000A\000I}{chapter.2}% 8
\BOOKMARK [1][-]{section.2.2}{\376\377\000E\000e\000r\000v\000o\000l\000l\000e\000\040\000v\000e\000r\000m\000e\000l\000d\000i\000n\000g\000e\000n}{chapter.2}% 9
\BOOKMARK [2][-]{subsection.2.2.1}{\376\377\000M\000i\000c\000r\000o\000s\000o\000f\000t\000\040\000J\000A\000R\000V\000I\000S}{section.2.2}% 10
\BOOKMARK [2][-]{subsection.2.2.2}{\376\377\000E\000l\000e\000m\000e\000n\000t\000o\000r\000\040\000A\000I}{section.2.2}% 11
\BOOKMARK [2][-]{subsection.2.2.3}{\376\377\000A\000u\000t\000o\000-\000G\000P\000T}{section.2.2}% 12
\BOOKMARK [2][-]{subsection.2.2.4}{\376\377\000A\000g\000e\000n\000t\000G\000P\000T}{section.2.2}% 13
\BOOKMARK [2][-]{subsection.2.2.5}{\376\377\000G\000o\000d\000m\000o\000d\000e}{section.2.2}% 14
\BOOKMARK [2][-]{subsection.2.2.6}{\376\377\000C\000o\000d\000e\000\040\000I\000n\000t\000e\000r\000p\000r\000e\000t\000e\000r\000\040\000P\000l\000u\000g\000i\000n}{section.2.2}% 15
\BOOKMARK [1][-]{section.2.3}{\376\377\000W\000e\000b\000s\000h\000o\000p\000s}{chapter.2}% 16
\BOOKMARK [1][-]{section.2.4}{\376\377\000C\000M\000S}{chapter.2}% 17
\BOOKMARK [2][-]{subsection.2.4.1}{\376\377\000D\000e\000f\000i\000n\000i\000t\000i\000e}{section.2.4}% 18
\BOOKMARK [2][-]{subsection.2.4.2}{\376\377\000V\000e\000r\000b\000a\000n\000d\000\040\000m\000e\000t\000\040\000w\000e\000b\000s\000h\000o\000p\000s}{section.2.4}% 19
\BOOKMARK [2][-]{subsection.2.4.3}{\376\377\000O\000p\000t\000i\000e\000s}{section.2.4}% 20
\BOOKMARK [2][-]{subsection.2.4.4}{\376\377\000U\000i\000t\000b\000r\000e\000i\000d\000i\000n\000g\000e\000n}{section.2.4}% 21
\BOOKMARK [2][-]{subsection.2.4.5}{\376\377\000B\000e\000p\000e\000r\000k\000i\000n\000g\000e\000n}{section.2.4}% 22
\BOOKMARK [1][-]{section.2.5}{\376\377\000O\000v\000e\000r\000n\000a\000m\000e\000\040\000w\000e\000b\000s\000h\000o\000p\000s}{chapter.2}% 23
\BOOKMARK [2][-]{subsection.2.5.1}{\376\377\000A\000u\000t\000o\000m\000a\000t\000i\000s\000a\000t\000i\000e}{section.2.5}% 24
\BOOKMARK [2][-]{subsection.2.5.2}{\376\377\000B\000i\000j\000k\000o\000m\000e\000n\000d\000e\000\040\000a\000s\000p\000e\000c\000t\000e\000n}{section.2.5}% 25
\BOOKMARK [2][-]{subsection.2.5.3}{\376\377\000B\000e\000p\000e\000r\000k\000i\000n\000g\000e\000n}{section.2.5}% 26
\BOOKMARK [1][-]{section.2.6}{\376\377\000H\000u\000i\000d\000i\000g\000e\000\040\000t\000r\000e\000n\000d\000s}{chapter.2}% 27
\BOOKMARK [2][-]{subsection.2.6.1}{\376\377\000A\000I\000\040\000i\000s\000\040\000b\000o\000o\000m\000i\000n\000g}{section.2.6}% 28
\BOOKMARK [2][-]{subsection.2.6.2}{\376\377\000V\000e\000r\000s\000c\000h\000i\000l\000l\000e\000n\000d\000e\000\040\000t\000y\000p\000e\000s\000\040\000A\000I}{section.2.6}% 29
\BOOKMARK [2][-]{subsection.2.6.3}{\376\377\000L\000i\000m\000i\000e\000t\000e\000n\000\040\000e\000n\000\040\000p\000i\000j\000n\000p\000u\000n\000t\000e\000n}{section.2.6}% 30
\BOOKMARK [2][-]{subsection.2.6.4}{\376\377\000T\000i\000j\000d\000e\000l\000i\000j\000k\000e\000\040\000o\000p\000l\000o\000s\000s\000i\000n\000g\000e\000n}{section.2.6}% 31
\BOOKMARK [0][-]{chapter.3}{\376\377\000M\000e\000t\000h\000o\000d\000o\000l\000o\000g\000i\000e}{}% 32
\BOOKMARK [1][-]{section.3.1}{\376\377\000A\000n\000a\000l\000y\000s\000e}{chapter.3}% 33
\BOOKMARK [2][-]{subsection.3.1.1}{\376\377\000L\000i\000j\000s\000t\000\040\000v\000a\000n\000\040\000A\000I\000-\000t\000o\000o\000l\000s}{section.3.1}% 34
\BOOKMARK [2][-]{subsection.3.1.2}{\376\377\000C\000r\000i\000t\000e\000r\000i\000a}{section.3.1}% 35
\BOOKMARK [2][-]{subsection.3.1.3}{\376\377\000D\000e\000\040\000w\000e\000b\000s\000h\000o\000p\000s\000\040\000v\000a\000n\000\040\000d\000e\000\040\000c\000o\000-\000p\000r\000o\000m\000o\000t\000o\000r}{section.3.1}% 36
\BOOKMARK [2][-]{subsection.3.1.4}{\376\377\000S\000c\000e\000n\000a\000r\000i\000o\000'\000s}{section.3.1}% 37
\BOOKMARK [1][-]{section.3.2}{\376\377\000I\000n\000s\000t\000a\000l\000l\000a\000t\000i\000e\000\040\000v\000a\000n\000\040\000W\000o\000r\000d\000P\000r\000e\000s\000s}{chapter.3}% 38
\BOOKMARK [2][-]{subsection.3.2.1}{\376\377\000F\000o\000l\000d\000e\000r\000s\000t\000r\000u\000c\000t\000u\000u\000r}{section.3.2}% 39
\BOOKMARK [2][-]{subsection.3.2.2}{\376\377\000D\000e\000\040\000w\000p\000-\000c\000o\000n\000t\000e\000n\000t}{section.3.2}% 40
\BOOKMARK [2][-]{subsection.3.2.3}{\376\377\000D\000a\000t\000a\000b\000a\000n\000k\000\040\000e\000n\000\040\000s\000i\000t\000e\000g\000e\000g\000e\000v\000e\000n\000s}{section.3.2}% 41
\BOOKMARK [2][-]{subsection.3.2.4}{\376\377\000C\000u\000s\000t\000o\000m\000\040\000t\000h\000e\000m\000e}{section.3.2}% 42
\BOOKMARK [2][-]{subsection.3.2.5}{\376\377\000W\000P\000-\000C\000L\000I}{section.3.2}% 43
\BOOKMARK [2][-]{subsection.3.2.6}{\376\377\000V\000o\000o\000r\000b\000e\000e\000l\000d\000s\000c\000r\000i\000p\000t\000\040\000c\000o\000n\000f\000i\000g\000u\000r\000a\000t\000i\000e\000b\000e\000s\000t\000a\000n\000d}{section.3.2}% 44
\BOOKMARK [2][-]{subsection.3.2.7}{\376\377\000V\000o\000o\000r\000b\000e\000e\000l\000d\000s\000c\000r\000i\000p\000t\000\040\000d\000o\000w\000n\000l\000o\000a\000d\000\040\000W\000o\000r\000d\000P\000r\000e\000s\000s}{section.3.2}% 45
\BOOKMARK [2][-]{subsection.3.2.8}{\376\377\000V\000o\000o\000r\000b\000e\000e\000l\000d\000s\000c\000r\000i\000p\000t\000\040\000a\000l\000g\000e\000m\000e\000n\000e\000\040\000o\000p\000z\000e\000t}{section.3.2}% 46
\BOOKMARK [2][-]{subsection.3.2.9}{\376\377\000V\000o\000o\000r\000b\000e\000e\000l\000d\000s\000c\000r\000i\000p\000t\000\040\000c\000u\000s\000t\000o\000m\000\040\000t\000h\000e\000m\000e}{section.3.2}% 47
\BOOKMARK [2][-]{subsection.3.2.10}{\376\377\000V\000o\000o\000r\000b\000e\000e\000l\000d\000s\000c\000r\000i\000p\000t\000\040\000p\000l\000u\000g\000i\000n\000s}{section.3.2}% 48
\BOOKMARK [1][-]{section.3.3}{\376\377\000S\000t\000y\000l\000i\000n\000g\000\040\000v\000a\000n\000\040\000l\000a\000y\000-\000o\000u\000t}{chapter.3}% 49
\BOOKMARK [1][-]{section.3.4}{\376\377\000O\000v\000e\000r\000n\000a\000m\000e\000\040\000v\000a\000n\000\040\000d\000a\000t\000a}{chapter.3}% 50
\BOOKMARK [0][-]{chapter.4}{\376\377\000S\000t\000a\000p\000p\000e\000n\000p\000l\000a\000n}{}% 51
\BOOKMARK [1][-]{section.4.1}{\376\377\000I\000n\000l\000e\000i\000d\000i\000n\000g}{chapter.4}% 52
\BOOKMARK [1][-]{section.4.2}{\376\377\000A\000l\000g\000e\000m\000e\000e\000n\000\040\000s\000c\000e\000n\000a\000r\000i\000o}{chapter.4}% 53
\BOOKMARK [2][-]{subsection.4.2.1}{\376\377\000C\000o\000n\000f\000i\000g\000u\000r\000a\000t\000i\000e\000b\000e\000s\000t\000a\000n\000d}{section.4.2}% 54
\BOOKMARK [2][-]{subsection.4.2.2}{\376\377\000B\000e\000p\000a\000l\000e\000n\000\040\000v\000a\000n\000\040\000p\000l\000u\000g\000i\000n\000s}{section.4.2}% 55
\BOOKMARK [2][-]{subsection.4.2.3}{\376\377\000B\000e\000p\000a\000l\000e\000n\000\040\000v\000a\000n\000\040\000t\000h\000e\000m\000a}{section.4.2}% 56
\BOOKMARK [2][-]{subsection.4.2.4}{\376\377\000O\000p\000b\000o\000u\000w\000\040\000W\000o\000r\000d\000P\000r\000e\000s\000s}{section.4.2}% 57
\BOOKMARK [2][-]{subsection.4.2.5}{\376\377\000C\000o\000n\000t\000r\000o\000l\000e\000e\000r\000\040\000i\000n\000s\000t\000a\000l\000l\000a\000t\000i\000e}{section.4.2}% 58
\BOOKMARK [2][-]{subsection.4.2.6}{\376\377\000V\000o\000o\000r\000z\000i\000e\000\040\000s\000t\000y\000l\000i\000n\000g}{section.4.2}% 59
\BOOKMARK [2][-]{subsection.4.2.7}{\376\377\000V\000u\000l\000\040\000o\000p\000\040\000m\000e\000t\000\040\000d\000a\000t\000a}{section.4.2}% 60
\BOOKMARK [0][-]{chapter.5}{\376\377\000C\000o\000n\000c\000l\000u\000s\000i\000e}{}% 61
\BOOKMARK [1][-]{section.5.1}{\376\377\000S\000w\000i\000t\000c\000h\000\040\000v\000a\000n\000\040\000a\000a\000n\000p\000a\000k}{chapter.5}% 62
\BOOKMARK [1][-]{section.5.2}{\376\377\000O\000n\000d\000e\000r\000v\000i\000n\000d\000i\000n\000g\000e\000n}{chapter.5}% 63
\BOOKMARK [1][-]{section.5.3}{\376\377\000N\000i\000e\000u\000w\000e\000\040\000v\000e\000r\000w\000a\000c\000h\000t\000i\000n\000g\000e\000n}{chapter.5}% 64
\BOOKMARK [1][-]{section.5.4}{\376\377\000A\000a\000n\000b\000e\000v\000e\000l\000i\000n\000g\000e\000n\000\040\000v\000o\000o\000r\000\040\000d\000e\000\040\000t\000o\000e\000k\000o\000m\000s\000t}{chapter.5}% 65
\BOOKMARK [0][-]{appendix.A}{\376\377\000O\000n\000d\000e\000r\000z\000o\000e\000k\000s\000v\000o\000o\000r\000s\000t\000e\000l}{}% 66
\BOOKMARK [1][-]{section.A.1}{\376\377\000I\000n\000t\000r\000o\000d\000u\000c\000t\000i\000e}{appendix.A}% 67
\BOOKMARK [1][-]{section.A.2}{\376\377\000S\000t\000a\000t\000e\000-\000o\000f\000-\000t\000h\000e\000-\000a\000r\000t}{appendix.A}% 68
\BOOKMARK [1][-]{section.A.3}{\376\377\000M\000e\000t\000h\000o\000d\000o\000l\000o\000g\000i\000e}{appendix.A}% 69
\BOOKMARK [2][-]{subsection.A.3.1}{\376\377\000E\000e\000r\000s\000t\000e\000\040\000f\000a\000s\000e\000\040\000-\000\040\000W\000o\000r\000d\000P\000r\000e\000s\000s\000\040\000e\000n\000\040\000W\000o\000o\000C\000o\000m\000m\000e\000r\000c\000e\000\040\000a\000u\000t\000o\000m\000a\000t\000i\000s\000e\000r\000e\000n}{section.A.3}% 70
\BOOKMARK [2][-]{subsection.A.3.2}{\376\377\000T\000w\000e\000e\000d\000e\000\040\000f\000a\000s\000e\000\040\000-\000\040\000E\000e\000n\000\040\000W\000o\000r\000d\000P\000r\000e\000s\000s\000\040\000w\000e\000b\000s\000h\000o\000p\000\040\000o\000v\000e\000r\000n\000e\000m\000e\000n}{section.A.3}% 71
\BOOKMARK [2][-]{subsection.A.3.3}{\376\377\000D\000e\000r\000d\000e\000\040\000f\000a\000s\000e\000\040\000-\000\040\000E\000e\000n\000\040\000n\000i\000e\000t\000-\000W\000o\000r\000d\000P\000r\000e\000s\000s\000\040\000w\000e\000b\000s\000h\000o\000p\000\040\000o\000v\000e\000r\000n\000e\000m\000e\000n}{section.A.3}% 72
\BOOKMARK [2][-]{subsection.A.3.4}{\376\377\000V\000i\000e\000r\000d\000e\000\040\000f\000a\000s\000e\000\040\000-\000\040\000U\000i\000t\000b\000r\000e\000i\000d\000e\000n\000\040\000v\000a\000n\000\040\000s\000c\000e\000n\000a\000r\000i\000o\000'\000s}{section.A.3}% 73
\BOOKMARK [2][-]{subsection.A.3.5}{\376\377\000V\000i\000j\000f\000d\000e\000\040\000f\000a\000s\000e\000\040\000-\000\040\000T\000e\000s\000t\000e\000n\000\040\000m\000e\000t\000\040\000d\000e\000\040\000l\000i\000j\000s\000t}{section.A.3}% 74
\BOOKMARK [1][-]{section.A.4}{\376\377\000V\000e\000r\000w\000a\000c\000h\000t\000\040\000r\000e\000s\000u\000l\000t\000a\000a\000t\000,\000\040\000c\000o\000n\000c\000l\000u\000s\000i\000e}{appendix.A}% 75
\BOOKMARK [0][-]{appendix.B}{\376\377\000T\000e\000s\000t}{}% 76
\BOOKMARK [0][-]{appendix*.7}{\376\377\000B\000i\000b\000l\000i\000o\000g\000r\000a\000f\000i\000e}{}% 77
